{
  "RSpec": {
    "coverage": {
      "/Users/Carolina/Dropbox/sample_app/config/environment.rb": [
        null,
        1,
        null,
        null,
        1
      ],
      "/Users/Carolina/Dropbox/sample_app/config/application.rb": [
        1,
        null,
        null,
        1,
        1,
        1,
        1,
        1,
        null,
        null,
        1,
        null,
        1,
        null,
        null,
        null,
        null,
        1,
        1,
        null,
        null,
        null,
        null,
        null,
        null,
        null,
        null,
        null,
        null,
        null,
        null,
        null,
        null,
        null,
        null,
        null,
        null,
        null,
        null,
        null,
        null,
        null,
        1,
        null,
        null,
        1,
        null,
        null,
        1,
        null,
        null,
        null,
        null,
        null,
        null,
        null,
        null,
        null,
        null,
        1,
        null,
        null,
        1,
        null,
        null,
        1,
        null,
        null
      ],
      "/Users/Carolina/Dropbox/sample_app/config/boot.rb": [
        1,
        null,
        null,
        1,
        null,
        1
      ],
      "/Users/Carolina/Dropbox/sample_app/config/environments/test.rb": [
        1,
        null,
        null,
        null,
        null,
        null,
        null,
        1,
        null,
        null,
        1,
        1,
        null,
        null,
        1,
        null,
        null,
        1,
        1,
        null,
        null,
        1,
        null,
        null,
        1,
        null,
        null,
        null,
        null,
        1,
        null,
        null,
        1,
        null,
        null,
        1,
        null
      ],
      "/Users/Carolina/Dropbox/sample_app/config/initializers/backtrace_silencers.rb": [
        null,
        null,
        null,
        null,
        null,
        null,
        null
      ],
      "/Users/Carolina/Dropbox/sample_app/config/initializers/inflections.rb": [
        null,
        null,
        null,
        null,
        null,
        null,
        null,
        null,
        null,
        null,
        null,
        null,
        null,
        null,
        null
      ],
      "/Users/Carolina/Dropbox/sample_app/config/initializers/mime_types.rb": [
        null,
        null,
        null,
        null,
        null
      ],
      "/Users/Carolina/Dropbox/sample_app/config/initializers/secret_token.rb": [
        null,
        null,
        null,
        null,
        null,
        null,
        null,
        1,
        null
      ],
      "/Users/Carolina/Dropbox/sample_app/config/initializers/session_store.rb": [
        null,
        null,
        1,
        null,
        null,
        null,
        null,
        null
      ],
      "/Users/Carolina/Dropbox/sample_app/config/initializers/wrap_parameters.rb": [
        null,
        null,
        null,
        null,
        null,
        null,
        1,
        1,
        null,
        null,
        null,
        1,
        1,
        null
      ],
      "/Users/Carolina/Dropbox/sample_app/app/controllers/application_controller.rb": [
        1,
        1,
        null
      ],
      "/Users/Carolina/Dropbox/sample_app/app/helpers/application_helper.rb": [
        1,
        null,
        1,
        33,
        null,
        null,
        null,
        1,
        33,
        33,
        0,
        null,
        33,
        null,
        null,
        null
      ],
      "/Users/Carolina/Dropbox/sample_app/app/helpers/pages_helper.rb": [
        1,
        null
      ],
      "/Users/Carolina/Dropbox/sample_app/app/helpers/users_helper.rb": [
        1,
        null,
        1,
        6,
        6,
        null,
        null,
        null,
        null
      ],
      "/Users/Carolina/Dropbox/sample_app/app/controllers/pages_controller.rb": [
        1,
        1,
        5,
        null,
        null,
        1,
        4,
        null,
        null,
        1,
        4,
        null,
        null,
        1,
        4,
        null,
        null
      ],
      "/Users/Carolina/Dropbox/sample_app/app/controllers/users_controller.rb": [
        1,
        null,
        1,
        6,
        6,
        null,
        null,
        1,
        6,
        6,
        null,
        null,
        1,
        8,
        8,
        4,
        4,
        null,
        4,
        4,
        null,
        null,
        null
      ],
      "/Users/Carolina/Dropbox/sample_app/app/models/user.rb": [
        null,
        null,
        null,
        null,
        null,
        null,
        null,
        null,
        null,
        null,
        1,
        null,
        1,
        1,
        1,
        null,
        1,
        null,
        1,
        null,
        null,
        1,
        null,
        null,
        null,
        1,
        null,
        null,
        null,
        1,
        null,
        1,
        4,
        null,
        null,
        1,
        3,
        3,
        null,
        null,
        1,
        null,
        1,
        19,
        19,
        null,
        null,
        1,
        23,
        null,
        null,
        1,
        19,
        null,
        null,
        1,
        42,
        null,
        null
      ],
      "/Users/Carolina/Dropbox/sample_app/config/routes.rb": [
        1,
        1,
        null,
        1,
        1,
        1,
        1,
        null,
        1,
        null,
        null,
        null,
        null,
        null,
        null,
        null,
        null,
        null,
        null,
        null,
        null,
        null,
        null,
        null,
        null,
        null,
        null,
        null,
        null,
        null,
        null,
        null,
        null,
        null,
        null,
        null,
        null,
        null,
        null,
        null,
        null,
        null,
        null,
        null,
        null,
        null,
        null,
        null,
        null,
        null,
        null,
        null,
        null,
        null,
        null,
        null,
        null,
        null,
        null,
        1,
        null,
        null,
        null,
        null,
        null,
        null,
        null,
        null,
        null,
        null,
        null,
        null,
        null,
        null,
        null,
        null,
        null
      ]
    },
    "timestamp": 1383282294
  }
}
