{
  "RSpec": {
    "coverage": {
      "/Users/Carolina/Dropbox/sample_app/config/environment.rb": [
        null,
        1,
        null,
        null,
        1
      ],
      "/Users/Carolina/Dropbox/sample_app/config/application.rb": [
        1,
        null,
        null,
        1,
        1,
        1,
        1,
        1,
        null,
        null,
        1,
        null,
        1,
        null,
        null,
        null,
        null,
        1,
        1,
        null,
        null,
        null,
        null,
        null,
        null,
        null,
        null,
        null,
        null,
        null,
        null,
        null,
        null,
        null,
        null,
        null,
        null,
        null,
        null,
        null,
        null,
        null,
        1,
        null,
        null,
        1,
        null,
        null,
        1,
        null,
        null,
        null,
        null,
        null,
        null,
        null,
        null,
        null,
        null,
        1,
        null,
        null,
        1,
        null,
        null,
        1,
        null,
        null
      ],
      "/Users/Carolina/Dropbox/sample_app/config/boot.rb": [
        1,
        null,
        null,
        1,
        null,
        1
      ],
      "/Users/Carolina/Dropbox/sample_app/config/environments/test.rb": [
        1,
        null,
        null,
        null,
        null,
        null,
        null,
        1,
        null,
        null,
        1,
        1,
        null,
        null,
        1,
        null,
        null,
        1,
        1,
        null,
        null,
        1,
        null,
        null,
        1,
        null,
        null,
        null,
        null,
        1,
        null,
        null,
        1,
        null,
        null,
        1,
        null
      ],
      "/Users/Carolina/Dropbox/sample_app/config/initializers/backtrace_silencers.rb": [
        null,
        null,
        null,
        null,
        null,
        null,
        null
      ],
      "/Users/Carolina/Dropbox/sample_app/config/initializers/inflections.rb": [
        null,
        null,
        null,
        null,
        null,
        null,
        null,
        null,
        null,
        null,
        null,
        null,
        null,
        null,
        null
      ],
      "/Users/Carolina/Dropbox/sample_app/config/initializers/mime_types.rb": [
        null,
        null,
        null,
        null,
        null
      ],
      "/Users/Carolina/Dropbox/sample_app/config/initializers/secret_token.rb": [
        null,
        null,
        null,
        null,
        null,
        null,
        null,
        1,
        null
      ],
      "/Users/Carolina/Dropbox/sample_app/config/initializers/session_store.rb": [
        null,
        null,
        1,
        null,
        null,
        null,
        null,
        null
      ],
      "/Users/Carolina/Dropbox/sample_app/config/initializers/wrap_parameters.rb": [
        null,
        null,
        null,
        null,
        null,
        null,
        1,
        1,
        null,
        null,
        null,
        1,
        1,
        null
      ],
      "/Users/Carolina/Dropbox/sample_app/app/controllers/application_controller.rb": [
        1,
        1,
        null,
        1,
        null
      ],
      "/Users/Carolina/Dropbox/sample_app/app/helpers/application_helper.rb": [
        1,
        null,
        1,
        54,
        null,
        null,
        null,
        1,
        54,
        54,
        0,
        null,
        54,
        null,
        null,
        null
      ],
      "/Users/Carolina/Dropbox/sample_app/app/helpers/pages_helper.rb": [
        1,
        null
      ],
      "/Users/Carolina/Dropbox/sample_app/app/helpers/sessions_helper.rb": [
        1,
        null,
        1,
        11,
        11,
        null,
        null,
        1,
        13,
        null,
        null,
        1,
        120,
        null,
        null,
        1,
        113,
        null,
        null,
        1,
        2,
        2,
        null,
        null,
        1,
        null,
        1,
        105,
        null,
        null,
        1,
        105,
        null,
        null,
        null
      ],
      "/Users/Carolina/Dropbox/sample_app/app/helpers/users_helper.rb": [
        1,
        null,
        1,
        9,
        9,
        null,
        null,
        null,
        null
      ],
      "/Users/Carolina/Dropbox/sample_app/app/controllers/pages_controller.rb": [
        1,
        1,
        9,
        null,
        null,
        1,
        4,
        null,
        null,
        1,
        4,
        null,
        null,
        1,
        4,
        null,
        null
      ],
      "/Users/Carolina/Dropbox/sample_app/app/controllers/sessions_controller.rb": [
        1,
        null,
        1,
        6,
        null,
        null,
        1,
        9,
        null,
        9,
        4,
        4,
        4,
        null,
        5,
        5,
        null,
        null,
        null,
        1,
        2,
        2,
        null,
        null,
        null
      ],
      "/Users/Carolina/Dropbox/sample_app/app/controllers/users_controller.rb": [
        1,
        null,
        1,
        10,
        10,
        null,
        null,
        1,
        9,
        9,
        null,
        null,
        1,
        9,
        9,
        5,
        5,
        5,
        null,
        4,
        4,
        4,
        4,
        null,
        null,
        null
      ],
      "/Users/Carolina/Dropbox/sample_app/app/models/user.rb": [
        null,
        null,
        null,
        null,
        null,
        null,
        null,
        null,
        null,
        null,
        1,
        null,
        1,
        1,
        1,
        null,
        1,
        null,
        1,
        null,
        null,
        1,
        null,
        null,
        null,
        1,
        null,
        null,
        null,
        1,
        null,
        1,
        9,
        null,
        null,
        1,
        12,
        12,
        null,
        null,
        1,
        105,
        105,
        null,
        null,
        1,
        null,
        1,
        26,
        26,
        null,
        null,
        1,
        35,
        null,
        null,
        1,
        26,
        null,
        null,
        1,
        61,
        null,
        null
      ],
      "/Users/Carolina/Dropbox/sample_app/config/routes.rb": [
        1,
        1,
        null,
        1,
        1,
        null,
        1,
        1,
        1,
        1,
        null,
        1,
        1,
        1,
        null,
        null,
        null,
        null,
        null,
        null,
        null,
        null,
        null,
        null,
        null,
        null,
        null,
        null,
        null,
        null,
        null,
        null,
        null,
        null,
        null,
        null,
        null,
        null,
        null,
        null,
        null,
        null,
        null,
        null,
        null,
        null,
        null,
        null,
        null,
        null,
        null,
        null,
        null,
        null,
        null,
        null,
        null,
        null,
        null,
        null,
        null,
        null,
        null,
        null,
        1,
        null,
        null,
        null,
        null,
        null,
        null,
        null,
        null,
        null,
        null,
        null,
        null,
        null,
        null,
        null,
        null,
        null
      ]
    },
    "timestamp": 1383456029
  }
}
